Arguments: 
  C:\Program Files\nodejs\node.exe C:\Users\allcad\AppData\Roaming\npm\node_modules\yarn\bin\yarn.js add nodemon --save

PATH: 
  C:\ProgramData\Oracle\Java\javapath;C:\Windows\system32;C:\Windows;C:\Windows\System32\Wbem;C:\Windows\System32\WindowsPowerShell\v1.0\;C:\Program Files (x86)\Intel\OpenCL SDK\2.0\bin\x86;C:\Program Files (x86)\Intel\OpenCL SDK\2.0\bin\x64;C:\Program Files\Microsoft SQL Server\Client SDK\ODBC\110\Tools\Binn\;C:\Program Files (x86)\Microsoft SQL Server\120\Tools\Binn\ManagementStudio\;C:\Program Files (x86)\Microsoft SQL Server\120\Tools\Binn\;C:\Program Files\Microsoft SQL Server\120\Tools\Binn\;C:\Program Files (x86)\Microsoft SQL Server\120\DTS\Binn\;C:\Program Files\Microsoft SQL Server\120\DTS\Binn\;C:\Program Files (x86)\Skype\Phone\;C:\Program Files\nodejs\;C:\Program Files\Microsoft SQL Server\130\Tools\Binn\;C:\Program Files\dotnet\;C:\Users\allcad\AppData\Local\Android\Sdk\platforms\;C:\Program Files\TortoiseGit\bin;C:\Users\allcad\AppData\Local\Programs\Python\Python36-32;C:\Program Files\Java\jdk1.8.0_112\bin;C:\Program Files (x86)\Microsoft Visual Studio\2017\Professional\MSBuild\15.0\Bin;C:\Users\allcad\Downloads\apache-maven-3.5.2-bin\apache-maven-3.5.2\bin;C:\Users\allcad\AppData\Local\Android\Sdk\platform-tools;C:\Users\allcad\AppData\Local\Android\Sdk\tools;C:\Users\allcad\AppData\Roaming\npm;C:\Users\allcad\AppData\Local\Programs\Git\cmd;C:\Users\allcad\AppData\Local\Programs\Git\mingw64\bin;C:\Users\allcad\AppData\Local\Programs\Git\usr\bin

Yarn version: 
  1.3.2

Node version: 
  8.1.2

Platform: 
  win32 x64

npm manifest: 
  {
    "name": "usermanagement",
    "version": "1.0.0",
    "description": "This module is small micorserivce package for user and permission management of project.",
    "main": "index.js",
    "dependencies": {
      "mssql": "^4.1.0",
      "mysql": "^2.15.0"
    },
    "devDependencies": {},
    "scripts": {
      "test": "echo \"Error: no test specified\" && exit 1"
    },
    "keywords": [
      "User",
      "Permission",
      "management",
      "microservice"
    ],
    "author": "Birbal Singh Mahala",
    "license": "ISC"
  }

yarn manifest: 
  No manifest

Lockfile: 
  # THIS IS AN AUTOGENERATED FILE. DO NOT EDIT THIS FILE DIRECTLY.
  # yarn lockfile v1
  
  
  babel-runtime@^6.26.0:
    version "6.26.0"
    resolved "https://registry.yarnpkg.com/babel-runtime/-/babel-runtime-6.26.0.tgz#965c7058668e82b55d7bfe04ff2337bc8b5647fe"
    dependencies:
      core-js "^2.4.0"
      regenerator-runtime "^0.11.0"
  
  big-number@0.3.1:
    version "0.3.1"
    resolved "https://registry.yarnpkg.com/big-number/-/big-number-0.3.1.tgz#ac73020c0a59bb79eb17c2ce2db77f77d974e013"
  
  bignumber.js@4.0.4:
    version "4.0.4"
    resolved "https://registry.yarnpkg.com/bignumber.js/-/bignumber.js-4.0.4.tgz#7c40f5abcd2d6623ab7b99682ee7db81b11889a4"
  
  bl@^1.2.0:
    version "1.2.2"
    resolved "https://registry.yarnpkg.com/bl/-/bl-1.2.2.tgz#a160911717103c07410cef63ef51b397c025af9c"
    dependencies:
      readable-stream "^2.3.5"
      safe-buffer "^5.1.1"
  
  core-js@^2.4.0:
    version "2.5.4"
    resolved "https://registry.yarnpkg.com/core-js/-/core-js-2.5.4.tgz#f2c8bf181f2a80b92f360121429ce63a2f0aeae0"
  
  core-util-is@~1.0.0:
    version "1.0.2"
    resolved "https://registry.yarnpkg.com/core-util-is/-/core-util-is-1.0.2.tgz#b5fd54220aa2bc5ab57aab7140c940754503c1a7"
  
  debug@^2.6.3:
    version "2.6.9"
    resolved "https://registry.yarnpkg.com/debug/-/debug-2.6.9.tgz#5d128515df134ff327e90a4c93f4e077a536341f"
    dependencies:
      ms "2.0.0"
  
  depd@^1.1.2:
    version "1.1.2"
    resolved "https://registry.yarnpkg.com/depd/-/depd-1.1.2.tgz#9bcd52e14c097763e749b274c4346ed2e560b5a9"
  
  generic-pool@^3.1.7:
    version "3.4.2"
    resolved "https://registry.yarnpkg.com/generic-pool/-/generic-pool-3.4.2.tgz#92ff7196520d670839a67308092a12aadf2f6a59"
  
  iconv-lite@^0.4.11:
    version "0.4.19"
    resolved "https://registry.yarnpkg.com/iconv-lite/-/iconv-lite-0.4.19.tgz#f7468f60135f5e5dad3399c0a81be9a1603a082b"
  
  inherits@~2.0.3:
    version "2.0.3"
    resolved "https://registry.yarnpkg.com/inherits/-/inherits-2.0.3.tgz#633c2c83e3da42a502f52466022480f4208261de"
  
  isarray@~1.0.0:
    version "1.0.0"
    resolved "https://registry.yarnpkg.com/isarray/-/isarray-1.0.0.tgz#bb935d48582cba168c06834957a54a3e07124f11"
  
  ms@2.0.0:
    version "2.0.0"
    resolved "https://registry.yarnpkg.com/ms/-/ms-2.0.0.tgz#5608aeadfc00be6c2901df5f9861788de0d597c8"
  
  mssql@^4.1.0:
    version "4.1.0"
    resolved "https://registry.yarnpkg.com/mssql/-/mssql-4.1.0.tgz#5a70e24d751c28bcb9f23acf709c1bdaccc8eae6"
    dependencies:
      debug "^2.6.3"
      generic-pool "^3.1.7"
      tedious "^2.0.0"
  
  mysql@^2.15.0:
    version "2.15.0"
    resolved "https://registry.yarnpkg.com/mysql/-/mysql-2.15.0.tgz#ea16841156343e8f2e47fc8985ec41cdd9573b5c"
    dependencies:
      bignumber.js "4.0.4"
      readable-stream "2.3.3"
      safe-buffer "5.1.1"
      sqlstring "2.3.0"
  
  process-nextick-args@~1.0.6:
    version "1.0.7"
    resolved "https://registry.yarnpkg.com/process-nextick-args/-/process-nextick-args-1.0.7.tgz#150e20b756590ad3f91093f25a4f2ad8bff30ba3"
  
  process-nextick-args@~2.0.0:
    version "2.0.0"
    resolved "https://registry.yarnpkg.com/process-nextick-args/-/process-nextick-args-2.0.0.tgz#a37d732f4271b4ab1ad070d35508e8290788ffaa"
  
  readable-stream@2.3.3:
    version "2.3.3"
    resolved "https://registry.yarnpkg.com/readable-stream/-/readable-stream-2.3.3.tgz#368f2512d79f9d46fdfc71349ae7878bbc1eb95c"
    dependencies:
      core-util-is "~1.0.0"
      inherits "~2.0.3"
      isarray "~1.0.0"
      process-nextick-args "~1.0.6"
      safe-buffer "~5.1.1"
      string_decoder "~1.0.3"
      util-deprecate "~1.0.1"
  
  readable-stream@^2.2.6, readable-stream@^2.3.5:
    version "2.3.5"
    resolved "https://registry.yarnpkg.com/readable-stream/-/readable-stream-2.3.5.tgz#b4f85003a938cbb6ecbce2a124fb1012bd1a838d"
    dependencies:
      core-util-is "~1.0.0"
      inherits "~2.0.3"
      isarray "~1.0.0"
      process-nextick-args "~2.0.0"
      safe-buffer "~5.1.1"
      string_decoder "~1.0.3"
      util-deprecate "~1.0.1"
  
  regenerator-runtime@^0.11.0:
    version "0.11.1"
    resolved "https://registry.yarnpkg.com/regenerator-runtime/-/regenerator-runtime-0.11.1.tgz#be05ad7f9bf7d22e056f9726cee5017fbf19e2e9"
  
  safe-buffer@5.1.1, safe-buffer@^5.1.1, safe-buffer@~5.1.0, safe-buffer@~5.1.1:
    version "5.1.1"
    resolved "https://registry.yarnpkg.com/safe-buffer/-/safe-buffer-5.1.1.tgz#893312af69b2123def71f57889001671eeb2c853"
  
  sprintf@0.1.5:
    version "0.1.5"
    resolved "https://registry.yarnpkg.com/sprintf/-/sprintf-0.1.5.tgz#8f83e39a9317c1a502cb7db8050e51c679f6edcf"
  
  sqlstring@2.3.0:
    version "2.3.0"
    resolved "https://registry.yarnpkg.com/sqlstring/-/sqlstring-2.3.0.tgz#525b8a4fd26d6f71aa61e822a6caf976d31ad2a8"
  
  string_decoder@~1.0.3:
    version "1.0.3"
    resolved "https://registry.yarnpkg.com/string_decoder/-/string_decoder-1.0.3.tgz#0fc67d7c141825de94282dd536bec6b9bce860ab"
    dependencies:
      safe-buffer "~5.1.0"
  
  tedious@^2.0.0:
    version "2.3.1"
    resolved "https://registry.yarnpkg.com/tedious/-/tedious-2.3.1.tgz#56e5008ab32a6245b5040e7d6fbb09d4fc0df664"
    dependencies:
      babel-runtime "^6.26.0"
      big-number "0.3.1"
      bl "^1.2.0"
      depd "^1.1.2"
      iconv-lite "^0.4.11"
      readable-stream "^2.2.6"
      sprintf "0.1.5"
  
  util-deprecate@~1.0.1:
    version "1.0.2"
    resolved "https://registry.yarnpkg.com/util-deprecate/-/util-deprecate-1.0.2.tgz#450d4dc9fa70de732762fbd2d4a28981419a0ccf"

Trace: 
  Error: http://registry.npmjs.org/event-stream/-/event-stream-3.3.4.tgz: Request failed "499 undefined"
      at Request.<anonymous> (C:\Users\allcad\AppData\Roaming\npm\node_modules\yarn\lib\cli.js:59356:26)
      at emitOne (events.js:115:13)
      at Request.emit (events.js:210:7)
      at Request.module.exports.Request.onRequestResponse (C:\Users\allcad\AppData\Roaming\npm\node_modules\yarn\lib\cli.js:123971:10)
      at emitOne (events.js:115:13)
      at ClientRequest.emit (events.js:210:7)
      at HTTPParser.parserOnIncomingClient (_http_client.js:564:21)
      at HTTPParser.parserOnHeadersComplete (_http_common.js:116:23)
      at Socket.socketOnData (_http_client.js:453:20)
      at emitOne (events.js:115:13)
